#! /usr/bin/vvp
:ivl_version "11.0 (stable)";
:ivl_delay_selection "TYPICAL";
:vpi_time_precision + 0;
:vpi_module "/usr/lib/x86_64-linux-gnu/ivl/system.vpi";
:vpi_module "/usr/lib/x86_64-linux-gnu/ivl/vhdl_sys.vpi";
:vpi_module "/usr/lib/x86_64-linux-gnu/ivl/vhdl_textio.vpi";
:vpi_module "/usr/lib/x86_64-linux-gnu/ivl/v2005_math.vpi";
:vpi_module "/usr/lib/x86_64-linux-gnu/ivl/va_math.vpi";
S_0x55c473c27450 .scope module, "test_bench" "test_bench" 2 63;
 .timescale 0 0;
v0x55c473c41fe0_0 .var "angle", 7 0;
v0x55c473c420c0_0 .var "clock", 0 0;
v0x55c473c42190_0 .net "cos_out", 11 0, v0x55c473c41690_0;  1 drivers
v0x55c473c42290_0 .net "done", 0 0, v0x55c473c41830_0;  1 drivers
v0x55c473c42360_0 .var/i "i", 31 0;
v0x55c473c42400_0 .var "reset", 0 0;
v0x55c473c424a0_0 .net "sin_out", 11 0, v0x55c473c41ba0_0;  1 drivers
E_0x55c473c1ee30 .event negedge, v0x55c473c41830_0;
E_0x55c473c20590 .event posedge, v0x55c473c41830_0;
S_0x55c473c27620 .scope module, "my_cordic" "cordic" 2 70, 2 1 0, S_0x55c473c27450;
 .timescale 0 0;
    .port_info 0 /INPUT 1 "clock";
    .port_info 1 /INPUT 8 "angle";
    .port_info 2 /INPUT 1 "reset";
    .port_info 3 /OUTPUT 12 "sin_out";
    .port_info 4 /OUTPUT 12 "cos_out";
    .port_info 5 /OUTPUT 1 "done";
v0x55c473c13b40_0 .net "angle", 7 0, v0x55c473c41fe0_0;  1 drivers
v0x55c473c415d0_0 .net "clock", 0 0, v0x55c473c420c0_0;  1 drivers
v0x55c473c41690_0 .var "cos_out", 11 0;
v0x55c473c41750_0 .var "counter", 7 0;
v0x55c473c41830_0 .var "done", 0 0;
v0x55c473c41940_0 .var "full_angle", 8 0;
v0x55c473c41a20 .array "gamma", 7 0, 7 0;
v0x55c473c41ae0_0 .net "reset", 0 0, v0x55c473c42400_0;  1 drivers
v0x55c473c41ba0_0 .var "sin_out", 11 0;
v0x55c473c41c80_0 .var "temp", 12 0;
v0x55c473c41d60_0 .var "x", 12 0;
v0x55c473c41e40_0 .var "y", 12 0;
E_0x55c473c20410 .event posedge, v0x55c473c41ae0_0, v0x55c473c415d0_0;
E_0x55c473c1f400 .event posedge, v0x55c473c415d0_0;
    .scope S_0x55c473c27620;
T_0 ;
    %pushi/vec4 127, 0, 8;
    %ix/load 4, 0, 0;
    %flag_set/imm 4, 0;
    %store/vec4a v0x55c473c41a20, 4, 0;
    %pushi/vec4 75, 0, 8;
    %ix/load 4, 1, 0;
    %flag_set/imm 4, 0;
    %store/vec4a v0x55c473c41a20, 4, 0;
    %pushi/vec4 40, 0, 8;
    %ix/load 4, 2, 0;
    %flag_set/imm 4, 0;
    %store/vec4a v0x55c473c41a20, 4, 0;
    %pushi/vec4 20, 0, 8;
    %ix/load 4, 3, 0;
    %flag_set/imm 4, 0;
    %store/vec4a v0x55c473c41a20, 4, 0;
    %pushi/vec4 10, 0, 8;
    %ix/load 4, 4, 0;
    %flag_set/imm 4, 0;
    %store/vec4a v0x55c473c41a20, 4, 0;
    %pushi/vec4 5, 0, 8;
    %ix/load 4, 5, 0;
    %flag_set/imm 4, 0;
    %store/vec4a v0x55c473c41a20, 4, 0;
    %pushi/vec4 3, 0, 8;
    %ix/load 4, 6, 0;
    %flag_set/imm 4, 0;
    %store/vec4a v0x55c473c41a20, 4, 0;
    %pushi/vec4 1, 0, 8;
    %ix/load 4, 7, 0;
    %flag_set/imm 4, 0;
    %store/vec4a v0x55c473c41a20, 4, 0;
    %end;
    .thread T_0;
    .scope S_0x55c473c27620;
T_1 ;
    %wait E_0x55c473c20410;
    %load/vec4 v0x55c473c41ae0_0;
    %flag_set/vec4 8;
    %jmp/0xz  T_1.0, 8;
    %vpi_call 2 23 "$display", "Resetting counter & angle" {0 0 0};
    %pushi/vec4 0, 0, 8;
    %store/vec4 v0x55c473c41750_0, 0, 8;
    %load/vec4 v0x55c473c13b40_0;
    %pad/u 9;
    %store/vec4 v0x55c473c41940_0, 0, 9;
    %pushi/vec4 2487, 0, 13;
    %store/vec4 v0x55c473c41d60_0, 0, 13;
    %pushi/vec4 0, 0, 13;
    %store/vec4 v0x55c473c41e40_0, 0, 13;
    %vpi_call 2 28 "$display", "Initial: angle = %d, gamma = %d, x = %d, y = %d", v0x55c473c41940_0, &A<v0x55c473c41a20, v0x55c473c41750_0 >, v0x55c473c41d60_0, v0x55c473c41e40_0 {0 0 0};
    %vpi_call 2 29 "$display", "Reset" {0 0 0};
    %jmp T_1.1;
T_1.0 ;
    %load/vec4 v0x55c473c41750_0;
    %parti/s 1, 3, 3;
    %flag_set/vec4 8;
    %jmp/0xz  T_1.2, 8;
    %pushi/vec4 1, 0, 1;
    %store/vec4 v0x55c473c41830_0, 0, 1;
    %wait E_0x55c473c1f400;
    %pushi/vec4 0, 0, 1;
    %store/vec4 v0x55c473c41830_0, 0, 1;
    %jmp T_1.3;
T_1.2 ;
    %load/vec4 v0x55c473c41e40_0;
    %store/vec4 v0x55c473c41c80_0, 0, 13;
    %load/vec4 v0x55c473c41940_0;
    %parti/s 1, 8, 5;
    %flag_set/vec4 8;
    %jmp/0xz  T_1.4, 8;
    %load/vec4 v0x55c473c41940_0;
    %ix/getv 4, v0x55c473c41750_0;
    %load/vec4a v0x55c473c41a20, 4;
    %pad/u 9;
    %add;
    %store/vec4 v0x55c473c41940_0, 0, 9;
    %load/vec4 v0x55c473c41e40_0;
    %load/vec4 v0x55c473c41d60_0;
    %ix/getv 4, v0x55c473c41750_0;
    %shiftr 4;
    %sub;
    %store/vec4 v0x55c473c41e40_0, 0, 13;
    %load/vec4 v0x55c473c41d60_0;
    %load/vec4 v0x55c473c41c80_0;
    %ix/getv 4, v0x55c473c41750_0;
    %shiftr 4;
    %add;
    %store/vec4 v0x55c473c41d60_0, 0, 13;
    %jmp T_1.5;
T_1.4 ;
    %load/vec4 v0x55c473c41940_0;
    %ix/getv 4, v0x55c473c41750_0;
    %load/vec4a v0x55c473c41a20, 4;
    %pad/u 9;
    %sub;
    %store/vec4 v0x55c473c41940_0, 0, 9;
    %load/vec4 v0x55c473c41e40_0;
    %load/vec4 v0x55c473c41d60_0;
    %ix/getv 4, v0x55c473c41750_0;
    %shiftr 4;
    %add;
    %store/vec4 v0x55c473c41e40_0, 0, 13;
    %load/vec4 v0x55c473c41d60_0;
    %load/vec4 v0x55c473c41c80_0;
    %ix/getv 4, v0x55c473c41750_0;
    %shiftr 4;
    %sub;
    %store/vec4 v0x55c473c41d60_0, 0, 13;
T_1.5 ;
    %vpi_call 2 51 "$display", "%d: angle = %d, gamma = %d, x = %d, y = %d", v0x55c473c41750_0, v0x55c473c41940_0, &A<v0x55c473c41a20, v0x55c473c41750_0 >, v0x55c473c41d60_0, v0x55c473c41e40_0 {0 0 0};
    %load/vec4 v0x55c473c41750_0;
    %addi 1, 0, 8;
    %store/vec4 v0x55c473c41750_0, 0, 8;
    %load/vec4 v0x55c473c41e40_0;
    %parti/s 12, 0, 2;
    %assign/vec4 v0x55c473c41ba0_0, 0;
    %load/vec4 v0x55c473c41d60_0;
    %parti/s 12, 0, 2;
    %assign/vec4 v0x55c473c41690_0, 0;
T_1.3 ;
T_1.1 ;
    %jmp T_1;
    .thread T_1;
    .scope S_0x55c473c27450;
T_2 ;
    %pushi/vec4 0, 0, 1;
    %store/vec4 v0x55c473c420c0_0, 0, 1;
    %pushi/vec4 1000, 0, 32;
T_2.0 %dup/vec4;
    %pushi/vec4 0, 0, 32;
    %cmp/s;
    %jmp/1xz T_2.1, 5;
    %jmp/1 T_2.1, 4;
    %pushi/vec4 1, 0, 32;
    %sub;
    %delay 10, 0;
    %load/vec4 v0x55c473c420c0_0;
    %inv;
    %store/vec4 v0x55c473c420c0_0, 0, 1;
    %jmp T_2.0;
T_2.1 ;
    %pop/vec4 1;
    %end;
    .thread T_2;
    .scope S_0x55c473c27450;
T_3 ;
    %pushi/vec4 0, 0, 32;
    %store/vec4 v0x55c473c42360_0, 0, 32;
T_3.0 ;
    %load/vec4 v0x55c473c42360_0;
    %cmpi/s 100, 0, 32;
    %jmp/0xz T_3.1, 5;
    %load/vec4 v0x55c473c42360_0;
    %pad/s 8;
    %store/vec4 v0x55c473c41fe0_0, 0, 8;
    %pushi/vec4 1, 0, 1;
    %store/vec4 v0x55c473c42400_0, 0, 1;
    %wait E_0x55c473c1f400;
    %pushi/vec4 0, 0, 1;
    %store/vec4 v0x55c473c42400_0, 0, 1;
    %wait E_0x55c473c20590;
    %vpi_call 2 83 "$display", "sin(%d) = %d, cos(%d) = %d", v0x55c473c41fe0_0, v0x55c473c424a0_0, v0x55c473c41fe0_0, v0x55c473c42190_0 {0 0 0};
    %wait E_0x55c473c1ee30;
    %load/vec4 v0x55c473c42360_0;
    %addi 10, 0, 32;
    %store/vec4 v0x55c473c42360_0, 0, 32;
    %jmp T_3.0;
T_3.1 ;
    %end;
    .thread T_3;
# The file index is used to find the file name in the following table.
:file_names 3;
    "N/A";
    "<interactive>";
    "test.v";
